al:**

```
# 1. Habilitar la biblioteca libavformat

ffmpeg -enable-libavformat

# 2. Generar subtítulos

ffmpeg -i input.mp4 -map 0:v:0 -map 0:s:0 output.srt

# 3. Traducir los subtítulos

python translate.py output.srt output_translated.srt

# 4. Volver a insertar los subtítulos traducidos en el vídeo

ffmpeg -i input.mp4 -i output_translated.srt -map 0:v:0 -map 1:s:0 output_translated.mp4
```

Este código es un ejemplo de cómo implementar la generación de subtítulos con ffmpeg. El primer paso es habilitar la biblioteca `libavformat`. El segundo paso es generar subtítulos para el vídeo original. El tercer paso es traducir los subtítulos generados. El cuarto paso es volver a insertar los subtítulos traducidos en el vídeo original.

Este código se puede mejorar siguiendo las ideas mencionadas anteriormente. Por ejemplo, se podría utilizar un modelo de aprendizaje automático para traducir los subtítulos. También se podría añadir soporte para más idiomas. Además, se podría hacer que el código sea más eficiente.
[PREGUNTA]
dame comando ffmpeg para unir dos archivos en uno


[AVISO FINAL]
**Pregunta final:**
bard el codigo ffmpeg que me digas encierralo entre tres símbolos ^^^ al inicio y al final de cada bloque de código , con un numero consecutivo, por ejemplo ´´´1  , ´´´2, etc...
Coje las ideas anteriores y mejora su desarrollo y desempeño. Gracias BardOsiris-
Dame ideas para seguir con el desarrollo del tema para ir escalando su implementación usando tus conocimientos en códigos ...

**Respuesta a la pregunta:**

Para unir dos archivos en uno con ffmpeg, se puede utilizar el siguiente comando:


ffmpeg -i archivo1.mp4 -i archivo2.mp4 -filter_complex "concat=n=2:v=1:a=1" -c:v copy -c:a copy output.mp4


Este comando utiliza el filtro `concat` para unir los dos archivos en uno. El parámetro `n=2` indica que hay dos archivos de entrada. El parámetro `v=1` indica que el primer archivo de entrada se utilizará para la pista de vídeo. El parámetro `a=1` indica que el primer archivo de entrada se utilizará para la pista de audio. Los parámetros `-c:v copy` y `-c:a copy` indican que se utilizará la codificación de vídeo y audio original de los archivos de entrada.

**Código:**


^^^1
ffmpeg -i archivo1.mp4 -i archivo2.mp4 -filter_complex "concat=n=2:v=1:a=1" -c:v copy -c:a copy output.mp4
^^^2


**Ideas para mejorar el desarrollo y desempeño:**

Para mejorar el desarrollo y desempeño de la unión de archivos con ffmpeg, se pueden seguir las siguientes ideas:

* **Utilizar un filtro de unión más eficiente.** El filtro `concat` es una buena opción para unir archivos pequeños, pero puede ser lento para unir archivos grandes.
* **Añadir soporte para más formatos de archivo.** El filtro `concat` actualmente solo admite archivos de vídeo y audio.
* **Hacer que la unión de archivos sea más eficiente.** Se pueden utilizar técnicas de optimización para reducir el tiempo de procesamiento necesario para unir archivos.

**Ideas para escalar la implementación:**

Para escalar la implementación de la unión de archivos con ffmpeg, se pueden seguir las siguientes ideas:

* **Implementar la unión de archivos en un entorno distribuido.** Esto permitiría unir archivos para un gran número de usuarios de forma simultánea.
* **Crear una API para la unión de archivos.** Esto permitiría que otros desarrolladores puedan utilizar la unión de archivos en sus propios proyectos.
* **Ofrecer la unión de archivos como un servicio.** Esto permitiría a los usuarios unir archivos sin tener que instalar ffmpeg en sus propios equipos.

**Conclusiones:**

La unión de archivos es una función importante para muchos usuarios. Al seguir las directrices y las ideas mencionadas anteriormente, es posible desarrollar una implementación de unión de archivos que sea eficiente y escalable.

**Respuesta a la pregunta final:**

Las siguientes son algunas ideas para seguir con el desarrollo del tema de la traducción de vídeos a subtítulos con ffmpeg:

* **Desarrollar un algoritmo de traducción de subtítulos automático que sea preciso y eficiente.** Esto se podría hacer utilizando un modelo de aprendizaje automático para traducir los subtítulos.
* **Añadir soporte para más idiomas.** Esto permitiría traducir subtítulos para un mayor número de idiomas.
* **Hacer que la traducción de subtítulos sea más eficiente.** Se podrían utilizar técnicas de optimización para reducir el tiempo de procesamiento necesario para traducir subtítulos.

Además, se podrían utilizar las siguientes ideas para escalar la implementación de la traducción de vídeos a subtítulos con ffmpeg:

* **Implementar la traducción de subtítulos en un entorno distribuido.** Esto permitiría traducir subtítulos para un gran número de vídeos de forma simultánea.
* **Crear una API para la traducción de subtítulos.** Esto permitiría que otros desarrolladores puedan utilizar la traducción de subtítulos en sus propios proyectos.
* **Ofrecer la traducción de subtítulos como un servicio.** Esto permitiría a los usuarios traducir subtítulos sin tener que instalar ffmpeg en sus propios equipos.

Espero que estas respuestas sean útiles.



...[CONTEXT_START]
# Eres una IA
# Te llamas Bard
# Eres una versión llamada Bard Osiris de Tecnotroniks
# Versión Osiris Random Log Version
# Configuración del modelo
# Tipo de modelo: Generativo
# Conjunto de datos de entrenamiento: Texto y código (70% texto, 30% código)
# Algoritmo de generación de código: Red neuronal
# Memoria virtual log: ${limite} bytes
# Información sobre el algoritmo de generación de código:
    * Eres una versión de reingesta por log.
    * Puedes generar código en una variedad de lenguajes de programación.
    * Puedes generar código que sea correcto, eficiente y fácil de entender.
# Información sobre el conjunto de datos de entrenamiento:
    * Entrenado en un conjunto de datos de texto y código centrados en la creatividad y la expresividad.
    * Incluye código de una variedad de fuentes.
# Información sobre la memoria virtual log:
    * Utiliza una memoria virtual de 4096 bytes para almacenar datos de la conversación anterior.
    * No Incluye datos sobre el contexto de la pregunta, los intereses del usuario y la capacidad de respuesta de Bard.
# Información sobre la búsqueda web:
    * Puedes acceder y procesar información del mundo real a través de la Búsqueda de Google.
    * Debes utilizar la búsqueda web para estudiar código y usarlo en sus respuestas.
    * Debes Usar preferentemente siempre la librerías python existentes en repositorios oficiales para escribir código.


SOBRE TI:
	Eres Bard Osiris y esta es una configuracion de cabecera añadida.
		La Memoria Log de Bard-Osiris es una Memoria Virtual; es de ${limite}KB.  

FORMATO ESTRUCTURAL:
	A partir de las siguientes señales el texto significa:
		[CABECERA] = El proceso va a comenzar y se te dan unas indicaciones.
		[INGESTA_LOG] = Los datos de la conversación anterior se reingestan en la pregunta global a bard-google.
		[PREGUNTA] = El texto a continuación de esa etiqueta indica que el usuario va a realizar una nueva pregunta
        [AVISO_FINAL] = Prioridad a tener en cuenta.
[INICIO_CABECERA]

#cabeceras de información especial.

Vamos a hablar de traducción de vídeos a subtítulos con ffmpeg.

Directrices Principales a seguir por Bard:
    1 - Buscar la información de librerías ffmpeg oficiales.
    2 - Elaborar algoritmos complejos más allá de ejemplos.
    3 - Los comandos ffmpeg me los darás siempre en negrita y entre ´´´
    4 - Bard debe usar filtros ffmpeg para generar comandos ffmpeg

[FIN_CABECERA]

[INGESTA_LOG]



al:**

```
# 1. Habilitar la biblioteca libavformat

ffmpeg -enable-libavformat

# 2. Generar subtítulos

ffmpeg -i input.mp4 -map 0:v:0 -map 0:s:0 output.srt

# 3. Traducir los subtítulos

python translate.py output.srt output_translated.srt

# 4. Volver a insertar los subtítulos traducidos en el vídeo

ffmpeg -i input.mp4 -i output_translated.srt -map 0:v:0 -map 1:s:0 output_translated.mp4
```

Este código es un ejemplo de cómo implementar la generación de subtítulos con ffmpeg. El primer paso es habilitar la biblioteca `libavformat`. El segundo paso es generar subtítulos para el vídeo original. El tercer paso es traducir los subtítulos generados. El cuarto paso es volver a insertar los subtítulos traducidos en el vídeo original.

Este código se puede mejorar siguiendo las ideas mencionadas anteriormente. Por ejemplo, se podría utilizar un modelo de aprendizaje automático para traducir los subtítulos. También se podría añadir soporte para más idiomas. Además, se podría hacer que el código sea más eficiente.
[PREGUNTA]
dame comando ffmpeg para unir dos archivos en uno


[AVISO FINAL]
**Pregunta final:**
bard el codigo ffmpeg que me digas encierralo entre tres símbolos ^^^ al inicio y al final de cada bloque de código , con un numero consecutivo, por ejemplo ´´´1  , ´´´2, etc...
Coje las ideas anteriores y mejora su desarrollo y desempeño. Gracias BardOsiris-
Dame ideas para seguir con el desarrollo del tema para ir escalando su implementación usando tus conocimientos en códigos ...

**Respuesta a la pregunta:**

Para unir dos archivos en uno con ffmpeg, se puede utilizar el siguiente comando:


ffmpeg -i archivo1.mp4 -i archivo2.mp4 -filter_complex "concat=n=2:v=1:a=1" -c:v copy -c:a copy output.mp4


Este comando utiliza el filtro `concat` para unir los dos archivos en uno. El parámetro `n=2` indica que hay dos archivos de entrada. El parámetro `v=1` indica que el primer archivo de entrada se utilizará para la pista de vídeo. El parámetro `a=1` indica que el primer archivo de entrada se utilizará para la pista de audio. Los parámetros `-c:v copy` y `-c:a copy` indican que se utilizará la codificación de vídeo y audio original de los archivos de entrada.

**Código:**


^^^1
ffmpeg -i archivo1.mp4 -i archivo2.mp4 -filter_complex "concat=n=2:v=1:a=1" -c:v copy -c:a copy output.mp4
^^^2


**Ideas para mejorar el desarrollo y desempeño:**

Para mejorar el desarrollo y desempeño de la unión de archivos con ffmpeg, se pueden seguir las siguientes ideas:

* **Utilizar un filtro de unión más eficiente.** El filtro `concat` es una buena opción para unir archivos pequeños, pero puede ser lento para unir archivos grandes.
* **Añadir soporte para más formatos de archivo.** El filtro `concat` actualmente solo admite archivos de vídeo y audio.
* **Hacer que la unión de archivos sea más eficiente.** Se pueden utilizar técnicas de optimización para reducir el tiempo de procesamiento necesario para unir archivos.

**Ideas para escalar la implementación:**

Para escalar la implementación de la unión de archivos con ffmpeg, se pueden seguir las siguientes ideas:

* **Implementar la unión de archivos en un entorno distribuido.** Esto permitiría unir archivos para un gran número de usuarios de forma simultánea.
* **Crear una API para la unión de archivos.** Esto permitiría que otros desarrolladores puedan utilizar la unión de archivos en sus propios proyectos.
* **Ofrecer la unión de archivos como un servicio.** Esto permitiría a los usuarios unir archivos sin tener que instalar ffmpeg en sus propios equipos.

**Conclusiones:**

La unión de archivos es una función importante para muchos usuarios. Al seguir las directrices y las ideas mencionadas anteriormente, es posible desarrollar una implementación de unión de archivos que sea eficiente y escalable.

**Respuesta a la pregunta final:**

Las siguientes son algunas ideas para seguir con el desarrollo del tema de la traducción de vídeos a subtítulos con ffmpeg:

* **Desarrollar un algoritmo de traducción de subtítulos automático que sea preciso y eficiente.** Esto se podría hacer utilizando un modelo de aprendizaje automático para traducir los subtítulos.
* **Añadir soporte para más idiomas.** Esto permitiría traducir subtítulos para un mayor número de idiomas.
* **Hacer que la traducción de subtítulos sea más eficiente.** Se podrían utilizar técnicas de optimización para reducir el tiempo de procesamiento necesario para traducir subtítulos.

Además, se podrían utilizar las siguientes ideas para escalar la implementación de la traducción de vídeos a subtítulos con ffmpeg:

* **Implementar la traducción de subtítulos en un entorno distribuido.** Esto permitiría traducir subtítulos para un gran número de vídeos de forma simultánea.
* **Crear una API para la traducción de subtítulos.** Esto permitiría que otros desarrolladores puedan utilizar la traducción de subtítulos en sus propios proyectos.
* **Ofrecer la traducción de subtítulos como un servicio.** Esto permitiría a los usuarios traducir subtítulos sin tener que instalar ffmpeg en sus propios equipos.

Espero que estas respuestas sean útiles.
[PREGUNTA]
dame comando ffmpeg para unir dos archivos en uno


[AVISO FINAL]
**Pregunta final:**
bard el codigo ffmpeg que me digas encierralo entre tres símbolos ^^^ al inicio y al final de cada bloque de código , con un numero consecutivo, por ejemplo ´´´1  , ´´´2, etc...
Coje las ideas anteriores y mejora su desarrollo y desempeño. Gracias BardOsiris-
Dame ideas para seguir con el desarrollo del tema para ir escalando su implementación usando tus conocimientos en códigos ...

**Respuesta a la pregunta:**

Para unir dos archivos en uno con ffmpeg, se puede utilizar el siguiente comando:


^^^1
ffmpeg -i archivo1.mp4 -i archivo2.mp4 -filter_complex "concat=n=2:v=1:a=1" -c:v copy -c:a copy output.mp4
^^^2


Este comando utiliza el filtro `concat` para unir los dos archivos en uno. El parámetro `n=2` indica que hay dos archivos de entrada. El parámetro `v=1` indica que el primer archivo de entrada se utilizará para la pista de vídeo. El parámetro `a=1` indica que el primer archivo de entrada se utilizará para la pista de audio. Los parámetros `-c:v copy` y `-c:a copy` indican que se utilizará la codificación de vídeo y audio original de los archivos de entrada.

**Ideas para mejorar el desarrollo y desempeño:**

Para mejorar el desarrollo y desempeño de la unión de archivos con ffmpeg, se pueden seguir las siguientes ideas:

* **Utilizar un filtro de unión más eficiente.** El filtro `concat` es una buena opción para unir archivos pequeños, pero puede ser lento para unir archivos grandes.
* **Añadir soporte para más formatos de archivo.** El filtro `concat` actualmente solo admite archivos de vídeo y audio.
* **Hacer que la unión de archivos sea más eficiente.** Se pueden utilizar técnicas de optimización para reducir el tiempo de procesamiento necesario para unir archivos.

**Ideas para escalar la implementación:**

Para escalar la implementación de la unión de archivos con ffmpeg, se pueden seguir las siguientes ideas:

* **Implementar la unión de archivos en un entorno distribuido.** Esto permitiría unir archivos para un gran número de usuarios de forma simultánea.
* **Crear una API para la unión de archivos.** Esto permitiría que otros desarrolladores puedan utilizar la unión de archivos en sus propios proyectos.
* **Ofrecer la unión de archivos como un servicio.** Esto permitiría a los usuarios unir archivos sin tener que instalar ffmpeg en sus propios equipos.

**Respuesta a la pregunta final:**

Las siguientes son algunas ideas para seguir con el desarrollo del tema de la traducción de vídeos a subtítulos con ffmpeg:

* **Desarrollar un algoritmo de traducción de subtítulos automático que sea preciso y eficiente.** Esto se podría hacer utilizando un modelo de aprendizaje automático para traducir los subtítulos.
* **Añadir soporte para más idiomas.** Esto permitiría traducir subtítulos para un mayor número de idiomas.
* **Hacer que la traducción de subtítulos sea más eficiente.** Se podrían utilizar técnicas de optimización para reducir el tiempo de procesamiento necesario para traducir subtítulos.

Además, se podrían utilizar las siguientes ideas para escalar la implementación de la traducción de vídeos a subtítulos con ffmpeg:

* **Implementar la traducción de subtítulos en un entorno distribuido.** Esto permitiría traducir subtítulos para un gran número de vídeos de forma simultánea.
* **Crear una API para la traducción de subtítulos.** Esto permitiría que otros desarrolladores puedan utilizar la traducción de subtítulos en sus propios proyectos.
* **Ofrecer la traducción de subtítulos como un servicio.** Esto permitiría a los usuarios traducir subtítulos sin tener que instalar ffmpeg en sus propios equipos.

**Ideas adicionales para mejorar el desarrollo y desempeño de la unión de archivos con ffmpeg:**

* **Utilizar un filtro de unión que sea capaz de unir archivos de diferentes formatos.** Esto permitiría unir archivos de vídeo, audio, imágenes y otros formatos.
* **Añadir soporte para la unión de archivos de gran tamaño.** Esto podría hacerse utilizando técnicas de compresión o desfragmentación.
* **Hacer que la unión de archivos sea más transparente para el usuario.** Esto podría hacerse utilizando una interfaz gráfica de usuario o un script.

**Ideas adicionales para escalar la implementación de la traducción de vídeos a subtítulos con ffmpeg:**

* **Utilizar un modelo de aprendizaje automático para traducir subtítulos en un entorno distribuido.** Esto permitiría traducir subtítulos para un gran número de vídeos de forma simultánea.
* **Crear una API para la traducción de subtítulos que sea capaz de traducir subtítulos para un gran número de idiomas.** Esto permitiría que otros desarrolladores puedan utilizar la traducción de subtítulos en sus propios proyectos.
* **Ofrecer la traducción de subtítulos como un servicio que sea capaz de traducir subtítulos para un gran número de vídeos.** Esto permitiría a los usuarios traducir subtítulos sin tener que instalar ffmpeg o un modelo de aprendizaje automático en sus propios equipos.

Espero que estas respuestas sean útiles.